<?xml version="1.0" encoding="UTF-8"?>
<!-- Generated by org.testng.reporters.JUnitReportReporter -->
<testsuite skipped="0" hostname="RC04" name="getData.GetConfigData" tests="1" failures="0" timestamp="2020-06-27T11:31:15 CEST" time="0.007" errors="0">
  <testcase name="printValues" time="0.007" classname="getData.GetConfigData"/>
  <system-out/>
</testsuite> <!-- getData.GetConfigData -->
