<?xml version="1.0" encoding="UTF-8"?>
<!-- Generated by org.testng.reporters.JUnitReportReporter -->
<testsuite skipped="0" hostname="RC04" name="getData.GetDataTest" tests="1" failures="0" timestamp="2020-06-27T10:59:12 CEST" time="0.010" errors="0">
  <testcase name="printValue" time="0.010" classname="getData.GetDataTest"/>
  <system-out/>
</testsuite> <!-- getData.GetDataTest -->
