<?xml version="1.0" encoding="UTF-8"?>
<!-- Generated by org.testng.reporters.JUnitReportReporter -->
<testsuite skipped="0" hostname="RC04" name="login.LoginNormalTest" tests="1" failures="0" timestamp="2020-06-27T10:26:53 CEST" time="0.004" errors="0">
  <testcase name="getUrl" time="0.004" classname="login.LoginNormalTest"/>
  <system-out/>
</testsuite> <!-- login.LoginNormalTest -->
