<?xml version="1.0" encoding="UTF-8"?>
<!-- Generated by org.testng.reporters.JUnitReportReporter -->
<testsuite skipped="0" hostname="RC04" name="login.AdminLogTest" tests="2" failures="0" timestamp="2020-06-27T10:26:53 CEST" time="0.005" errors="0">
  <testcase name="logOutAdmin" time="0.002" classname="login.AdminLogTest"/>
  <system-out/>
  <testcase name="logAdmin" time="0.003" classname="login.AdminLogTest"/>
  <system-out/>
</testsuite> <!-- login.AdminLogTest -->
